<?xml version="1.0" encoding="UTF-8"?>
<!-- Generated by org.testng.reporters.JUnitXMLReporter -->
<testsuite ignored="2" hostname="DESKTOP-8OJQC1T" failures="1" tests="2" name="TestChrome" time="379.612" errors="0" timestamp="2022-09-20T13:02:00 IST">
  <testcase classname="testNGclassesOfNetmet.SortByTestClass" name="test1" time="0.134">
    <failure type="java.lang.AssertionError" message="The following asserts failed:
	expected [https://www.netmeds.com/non-prescriptions/ayush/homeopath] but found [https://www.netmeds.com/non-prescriptions/ayush/homeopathy]">
      <![CDATA[java.lang.AssertionError: The following asserts failed:
expected [https://www.netmeds.com/non-prescriptions/ayush/homeopath] but found [https://www.netmeds.com/non-prescriptions/ayush/homeopathy]
at testNGclassesOfNetmet.SortByTestClass.test1(SortByTestClass.java:113)
at java.base/java.util.ArrayList.forEach(ArrayList.java:1511)
at java.base/java.util.concurrent.FutureTask.run(FutureTask.java:264)
at java.base/java.util.concurrent.ThreadPoolExecutor.runWorker(ThreadPoolExecutor.java:1136)
at java.base/java.util.concurrent.ThreadPoolExecutor$Worker.run(ThreadPoolExecutor.java:635)
at java.base/java.lang.Thread.run(Thread.java:833)
... Removed 18 stack frames]]>
    </failure>
  </testcase> <!-- test1 -->
  <testcase classname="testNGclassesOfNetmet.AddToCartTestClass" name="test" time="76.48"/>
  <testcase classname="testNGclassesOfNetmet.SortByTestClass" name="test2" time="0.0">
    <ignored/>
  </testcase> <!-- test2 -->
  <testcase classname="testNGclassesOfNetmet.SortByTestClass" name="test3" time="0.0">
    <ignored/>
  </testcase> <!-- test3 -->
</testsuite> <!-- TestChrome -->
