<?xml version="1.0" encoding="UTF-8"?>
<!-- Generated by org.testng.reporters.JUnitXMLReporter -->
<testsuite ignored="0" hostname="DESKTOP-8OJQC1T" failures="1" tests="4" name="Test" time="134.787" errors="0" timestamp="2022-09-14T13:42:20 IST">
  <testcase classname="testNGclassesOfNetmet.SortByTestClass" name="test1" time="0.307">
    <failure type="java.lang.AssertionError" message="The following asserts failed:
	expected [https://www.netmeds.com/non-prescriptions/ayush/homeopath] but found [https://www.netmeds.com/non-prescriptions/ayush/homeopathy]">
      <![CDATA[java.lang.AssertionError: The following asserts failed:
expected [https://www.netmeds.com/non-prescriptions/ayush/homeopath] but found [https://www.netmeds.com/non-prescriptions/ayush/homeopathy]
at testNGclassesOfNetmet.SortByTestClass.test1(SortByTestClass.java:110)
at java.base/java.util.ArrayList.forEach(ArrayList.java:1511)
... Removed 27 stack frames]]>
    </failure>
  </testcase> <!-- test1 -->
  <testcase classname="testNGclassesOfNetmet.SortByTestClass" name="test2" time="0.335"/>
  <testcase classname="testNGclassesOfNetmet.SortByTestClass" name="test3" time="0.366"/>
  <testcase classname="testNGclassesOfNetmet.AddToCartTestClass" name="test" time="8.105"/>
</testsuite> <!-- Test -->
